{
  "uid" : "e8a129d3afb30722",
  "name" : "Login with valid data test",
  "fullName" : "tests.newHome.test_search_new_home.TestSearch#test_search_without_autocomplete",
  "historyId" : "a422a74b6643a2790f26b572769d684a",
  "time" : {
    "start" : 1629070947756,
    "stop" : 1629070951801,
    "duration" : 4045
  },
  "description" : "This is test of login with valid data",
  "descriptionHtml" : "<p>This is test of login with valid data</p>\n",
  "status" : "failed",
  "statusMessage" : "AssertionError: assert 'toronto' in 'filter_result'\n +  where 'toronto' = <built-in method lower of str object at 0x7fb2979870b0>()\n +    where <built-in method lower of str object at 0x7fb2979870b0> = 'toronto'.lower",
  "statusTrace" : "self = <tests.newHome.test_search_new_home.TestSearch object at 0x7fb297990d00>, config = {'base_page': 'https://house.51.ca', 'browser': 'chrome', 'headless_mode': False, 'timeout': 10}\n\n    @allure.title(\"Login with valid data test\")\n    @allure.description(\"This is test of login with valid data\")\n    def test_search_without_autocomplete(self, config):\n    \n        searchKey = \"toronto\"\n        search_container = SearchContainer(self.driver)\n        search_container.open_home_page(config)\n        # time.sleep(3)\n        search_container.set_user_input(searchKey)\n        # time.sleep(5)\n        filter_result = search_container.get_filter_box()\n>       assert (searchKey.lower() in \"filter_result\")\nE       AssertionError: assert 'toronto' in 'filter_result'\nE        +  where 'toronto' = <built-in method lower of str object at 0x7fb2979870b0>()\nE        +    where <built-in method lower of str object at 0x7fb2979870b0> = 'toronto'.lower\n\ntests/newHome/test_search_new_home.py:21: AssertionError",
  "flaky" : false,
  "newFailed" : false,
  "beforeStages" : [ {
    "name" : "config",
    "time" : {
      "start" : 1629070945009,
      "stop" : 1629070945010,
      "duration" : 1
    },
    "status" : "passed",
    "steps" : [ ],
    "attachments" : [ ],
    "parameters" : [ ],
    "stepsCount" : 0,
    "attachmentsCount" : 0,
    "shouldDisplayMessage" : false,
    "hasContent" : false
  }, {
    "name" : "setup",
    "time" : {
      "start" : 1629070945011,
      "stop" : 1629070947754,
      "duration" : 2743
    },
    "status" : "passed",
    "steps" : [ ],
    "attachments" : [ ],
    "parameters" : [ ],
    "stepsCount" : 0,
    "attachmentsCount" : 0,
    "shouldDisplayMessage" : false,
    "hasContent" : false
  } ],
  "afterStages" : [ {
    "name" : "setup::0",
    "time" : {
      "start" : 1629070951859,
      "stop" : 1629070951962,
      "duration" : 103
    },
    "status" : "passed",
    "steps" : [ ],
    "attachments" : [ ],
    "parameters" : [ ],
    "stepsCount" : 0,
    "attachmentsCount" : 0,
    "shouldDisplayMessage" : false,
    "hasContent" : false
  } ],
  "labels" : [ {
    "name" : "tag",
    "value" : "@pytest.mark.usefixtures('setup')"
  }, {
    "name" : "parentSuite",
    "value" : "tests.newHome"
  }, {
    "name" : "suite",
    "value" : "test_search_new_home"
  }, {
    "name" : "subSuite",
    "value" : "TestSearch"
  }, {
    "name" : "host",
    "value" : "jennifers-Mac-mini.local"
  }, {
    "name" : "thread",
    "value" : "49959-MainThread"
  }, {
    "name" : "framework",
    "value" : "pytest"
  }, {
    "name" : "language",
    "value" : "cpython3"
  }, {
    "name" : "package",
    "value" : "tests.newHome.test_search_new_home"
  }, {
    "name" : "resultFormat",
    "value" : "allure2"
  } ],
  "parameters" : [ ],
  "links" : [ ],
  "hidden" : false,
  "retry" : false,
  "extra" : {
    "severity" : "normal",
    "retries" : [ {
      "uid" : "2c925a889574dabe",
      "status" : "passed",
      "time" : {
        "start" : 1629070867699,
        "stop" : 1629070870893,
        "duration" : 3194
      }
    }, {
      "uid" : "18938a9aa9a172d5",
      "status" : "passed",
      "time" : {
        "start" : 1629070592539,
        "stop" : 1629070595971,
        "duration" : 3432
      }
    }, {
      "uid" : "bd0fda416620b881",
      "status" : "passed",
      "time" : {
        "start" : 1629066000037,
        "stop" : 1629066003508,
        "duration" : 3471
      }
    } ],
    "categories" : [ {
      "name" : "Product defects",
      "matchedStatuses" : [ ],
      "flaky" : false
    } ],
    "tags" : [ "@pytest.mark.usefixtures('setup')" ]
  },
  "source" : "e8a129d3afb30722.json",
  "parameterValues" : [ ]
}